<?xml version="1.0" encoding="utf-8"?><testsuites><testsuite errors="0" failures="0" hostname="biobb-runners" name="pytest" skipped="0" tests="7" time="8.465" timestamp="2023-05-31T08:07:19.730516"><testcase classname="biobb_flexdyn.test.unitests.test_flexdyn.test_concoord_disco.TestConcoordDisco" name="test_concoord_disco" time="6.316" /><testcase classname="biobb_flexdyn.test.unitests.test_flexdyn.test_concoord_dist.TestConcoordDist" name="test_concoord_dist" time="0.169" /><testcase classname="biobb_flexdyn.test.unitests.test_flexdyn.test_imod_imc.TestImodImc" name="test_imod_imc" time="0.040" /><testcase classname="biobb_flexdyn.test.unitests.test_flexdyn.test_imod_imode.TestImodImode" name="test_imod_imode" time="0.048" /><testcase classname="biobb_flexdyn.test.unitests.test_flexdyn.test_imod_imove.TestImodImove" name="test_imod_imove" time="0.385" /><testcase classname="biobb_flexdyn.test.unitests.test_flexdyn.test_nolb.TestNolb_nma" name="test_nolb_nma" time="0.427" /><testcase classname="biobb_flexdyn.test.unitests.test_flexdyn.test_prody_anm.TestProdyANM" name="test_prody_anm" time="0.264" /></testsuite></testsuites>