<?xml version="1.0" encoding="utf-8"?><testsuites><testsuite errors="0" failures="0" hostname="biobb-runners" name="pytest" skipped="0" tests="7" time="16.975" timestamp="2023-04-28T14:32:37.552541"><testcase classname="biobb_flexdyn.test.unitests.test_flexdyn.test_concoord_disco.TestConcoordDisco" name="test_concoord_disco" time="6.312" /><testcase classname="biobb_flexdyn.test.unitests.test_flexdyn.test_concoord_dist.TestConcoordDist" name="test_concoord_dist" time="0.451" /><testcase classname="biobb_flexdyn.test.unitests.test_flexdyn.test_imod_imc.TestImodImc" name="test_imod_imc" time="0.270" /><testcase classname="biobb_flexdyn.test.unitests.test_flexdyn.test_imod_imode.TestImodImode" name="test_imod_imode" time="0.330" /><testcase classname="biobb_flexdyn.test.unitests.test_flexdyn.test_imod_imove.TestImodImove" name="test_imod_imove" time="0.734" /><testcase classname="biobb_flexdyn.test.unitests.test_flexdyn.test_nolb.TestNolb_nma" name="test_nolb_nma" time="1.036" /><testcase classname="biobb_flexdyn.test.unitests.test_flexdyn.test_prody_anm.TestProdyANM" name="test_prody_anm" time="0.319" /></testsuite></testsuites>