<?xml version="1.0" encoding="utf-8"?><testsuites><testsuite name="pytest" errors="0" failures="0" skipped="0" tests="6" time="8.814" timestamp="2023-04-11T14:11:33.793928" hostname="biobb-runners"><testcase classname="biobb_flexdyn.test.unitests.test_flexdyn.test_concoord_disco.TestConcoordDisco" name="test_concoord_disco" time="6.086" /><testcase classname="biobb_flexdyn.test.unitests.test_flexdyn.test_concoord_dist.TestConcoordDist" name="test_concoord_dist" time="0.178" /><testcase classname="biobb_flexdyn.test.unitests.test_flexdyn.test_imod_imode.TestImodImode" name="test_imod_imode" time="0.050" /><testcase classname="biobb_flexdyn.test.unitests.test_flexdyn.test_imod_imove.TestImodImove" name="test_imod_imove" time="0.463" /><testcase classname="biobb_flexdyn.test.unitests.test_flexdyn.test_nolb.TestNolb_nma" name="test_nolb_nma" time="0.417" /><testcase classname="biobb_flexdyn.test.unitests.test_flexdyn.test_prody_anm.TestProdyANM" name="test_prody_anm" time="0.300" /></testsuite></testsuites>