<?xml version="1.0" encoding="utf-8"?><testsuites><testsuite errors="0" failures="0" hostname="biobb-runners" name="pytest" skipped="0" tests="7" time="8.878" timestamp="2023-04-12T14:45:16.488192"><testcase classname="biobb_flexdyn.test.unitests.test_flexdyn.test_concoord_disco.TestConcoordDisco" name="test_concoord_disco" time="6.675" /><testcase classname="biobb_flexdyn.test.unitests.test_flexdyn.test_concoord_dist.TestConcoordDist" name="test_concoord_dist" time="0.167" /><testcase classname="biobb_flexdyn.test.unitests.test_flexdyn.test_imod_imc.TestImodImc" name="test_imod_imc" time="0.039" /><testcase classname="biobb_flexdyn.test.unitests.test_flexdyn.test_imod_imode.TestImodImode" name="test_imod_imode" time="0.050" /><testcase classname="biobb_flexdyn.test.unitests.test_flexdyn.test_imod_imove.TestImodImove" name="test_imod_imove" time="0.383" /><testcase classname="biobb_flexdyn.test.unitests.test_flexdyn.test_nolb.TestNolb_nma" name="test_nolb_nma" time="0.418" /><testcase classname="biobb_flexdyn.test.unitests.test_flexdyn.test_prody_anm.TestProdyANM" name="test_prody_anm" time="0.266" /></testsuite></testsuites>