<?xml version="1.0" encoding="utf-8"?><testsuites><testsuite name="pytest" errors="0" failures="0" skipped="0" tests="7" time="8.611" timestamp="2023-04-14T15:04:55.816216" hostname="biobb-runners"><testcase classname="biobb_flexdyn.test.unitests.test_flexdyn.test_concoord_disco.TestConcoordDisco" name="test_concoord_disco" time="6.290" /><testcase classname="biobb_flexdyn.test.unitests.test_flexdyn.test_concoord_dist.TestConcoordDist" name="test_concoord_dist" time="0.183" /><testcase classname="biobb_flexdyn.test.unitests.test_flexdyn.test_imod_imc.TestImodImc" name="test_imod_imc" time="0.044" /><testcase classname="biobb_flexdyn.test.unitests.test_flexdyn.test_imod_imode.TestImodImode" name="test_imod_imode" time="0.064" /><testcase classname="biobb_flexdyn.test.unitests.test_flexdyn.test_imod_imove.TestImodImove" name="test_imod_imove" time="0.440" /><testcase classname="biobb_flexdyn.test.unitests.test_flexdyn.test_nolb.TestNolb_nma" name="test_nolb_nma" time="0.419" /><testcase classname="biobb_flexdyn.test.unitests.test_flexdyn.test_prody_anm.TestProdyANM" name="test_prody_anm" time="0.280" /></testsuite></testsuites>